[INFO] Scanning for projects...
[WARNING] 
[WARNING] Some problems were encountered while building the effective model for com.axiomalaska:phenomena:jar:0.1-ASA-SNAPSHOT
[WARNING] 'build.plugins.plugin.version' for org.apache.maven.plugins:maven-compiler-plugin is missing. @ line 71, column 15
[WARNING] 
[WARNING] It is highly recommended to fix these problems because they threaten the stability of your build.
[WARNING] 
[WARNING] For this reason, future Maven versions might no longer support building such malformed projects.
[WARNING] 
[INFO]                                                                         
[INFO] ------------------------------------------------------------------------
[INFO] Building phenomena 0.1-ASA-SNAPSHOT
[INFO] ------------------------------------------------------------------------
Downloading: http://nexus.axiomalaska.com/nexus/content/repositories/public/org/openjena/tools/schemagen/0.2-SNAPSHOT/maven-metadata.xml
316/316 B               Downloaded: http://nexus.axiomalaska.com/nexus/content/repositories/public/org/openjena/tools/schemagen/0.2-SNAPSHOT/maven-metadata.xml (316 B at 0.1 KB/sec)
[INFO] 
[INFO] --- maven-clean-plugin:2.4.1:clean (default-clean) @ phenomena ---
[INFO] Deleting C:\Users\scowan\Projects\sos-phenomena\phenomena\target
[INFO] 
[INFO] --- schemagen:0.2-SNAPSHOT:translate (schemagen) @ phenomena ---
log4j:WARN No appenders could be found for logger (com.hp.hpl.jena.util.FileManager).
log4j:WARN Please initialize the log4j system properly.
log4j:WARN See http://logging.apache.org/log4j/1.2/faq.html#noconfig for more info.
[INFO] Starting schemagen execute() ...
[INFO] processFile with src/main/vocabs/parameter.rdf
[INFO] []
[INFO] so = null
[INFO] input before adjustment: src/main/vocabs/parameter.rdf
[INFO] relative = true
[INFO] baseDir = C:\Users\scowan\Projects\sos-phenomena\phenomena
[INFO] getBaseDir() = C:\Users\scowan\Projects\sos-phenomena\phenomena
[INFO] input after adjustment: file:C:\Users\scowan\Projects\sos-phenomena\phenomena\src/main/vocabs/parameter.rdf
[INFO] about to call run(): 
[INFO] 
[INFO] --- build-helper-maven-plugin:1.7:add-source (add-source) @ phenomena ---
[INFO] Source directory: C:\Users\scowan\Projects\sos-phenomena\phenomena\target\generated-sources added.
[INFO] 
[INFO] --- maven-resources-plugin:2.5:resources (default-resources) @ phenomena ---
[debug] execute contextualize
[INFO] Using 'UTF-8' encoding to copy filtered resources.
[INFO] Copying 1 resource
[INFO] 
[INFO] --- maven-compiler-plugin:2.3.2:compile (default-compile) @ phenomena ---
[INFO] Compiling 8 source files to C:\Users\scowan\Projects\sos-phenomena\phenomena\target\classes
[INFO] 
[INFO] --- maven-resources-plugin:2.5:testResources (default-testResources) @ phenomena ---
[debug] execute contextualize
[INFO] Using 'UTF-8' encoding to copy filtered resources.
[INFO] skip non existing resourceDirectory C:\Users\scowan\Projects\sos-phenomena\phenomena\src\test\resources
[INFO] 
[INFO] --- maven-compiler-plugin:2.3.2:testCompile (default-testCompile) @ phenomena ---
[INFO] Compiling 2 source files to C:\Users\scowan\Projects\sos-phenomena\phenomena\target\test-classes
[INFO] 
[INFO] --- maven-surefire-plugin:2.10:test (default-test) @ phenomena ---
[INFO] Surefire report directory: C:\Users\scowan\Projects\sos-phenomena\phenomena\target\surefire-reports

-------------------------------------------------------
 T E S T S
-------------------------------------------------------
Running com.axiomalaska.phenomena.IoosParameterTest
log4j:WARN No appenders could be found for logger (com.hp.hpl.jena.reasoner.rulesys.FBRuleInfGraph).
log4j:WARN Please initialize the log4j system properly.
log4j:WARN See http://logging.apache.org/log4j/1.2/faq.html#noconfig for more info.
Tests run: 3, Failures: 0, Errors: 0, Skipped: 0, Time elapsed: 1.139 sec
Running com.axiomalaska.phenomena.PhenomenaTest
Tests run: 2, Failures: 0, Errors: 0, Skipped: 0, Time elapsed: 0.14 sec

Results :

Tests run: 5, Failures: 0, Errors: 0, Skipped: 0

[INFO] 
[INFO] --- maven-jar-plugin:2.3.2:jar (default-jar) @ phenomena ---
[INFO] Building jar: C:\Users\scowan\Projects\sos-phenomena\phenomena\target\phenomena-0.1-ASA-SNAPSHOT.jar
[INFO] 
[INFO] --- maven-install-plugin:2.3.1:install (default-install) @ phenomena ---
[INFO] Installing C:\Users\scowan\Projects\sos-phenomena\phenomena\target\phenomena-0.1-ASA-SNAPSHOT.jar to C:\Users\scowan\.m2\repository\com\axiomalaska\phenomena\0.1-ASA-SNAPSHOT\phenomena-0.1-ASA-SNAPSHOT.jar
[INFO] Installing C:\Users\scowan\Projects\sos-phenomena\phenomena\pom.xml to C:\Users\scowan\.m2\repository\com\axiomalaska\phenomena\0.1-ASA-SNAPSHOT\phenomena-0.1-ASA-SNAPSHOT.pom
[INFO] ------------------------------------------------------------------------
[INFO] BUILD SUCCESS
[INFO] ------------------------------------------------------------------------
[INFO] Total time: 8.480s
[INFO] Finished at: Mon Nov 05 10:59:44 EST 2012
[INFO] Final Memory: 22M/227M
[INFO] ------------------------------------------------------------------------
